<?xml version="1.0" encoding="UTF-8"?>
<testsuite xmlns:xsi="http://www.w3.org/2001/XMLSchema-instance" xsi:noNamespaceSchemaLocation="https://maven.apache.org/surefire/maven-surefire-plugin/xsd/surefire-test-report-3.0.xsd" version="3.0" name="com.livrariasrs.livrosrs.LivrosrsApplicationTests" time="31.052" tests="1" errors="0" skipped="0" failures="0">
  <properties>
[...]
</properties>
  <testcase name="contextLoads" classname="com.livrariasrs.livrosrs.LivrosrsApplicationTests" time="2.284">
    <system-out><![CDATA[22:12:22.806 [main] INFO org.springframework.test.context.support.AnnotationConfigContextLoaderUtils -- Could not detect default configuration classes for test class [com.livrariasrs.livrosrs.LivrosrsApplicationTests]: LivrosrsApplicationTests does not declare any static, non-private, non-final, nested classes annotated with @Configuration.
22:12:23.304 [main] INFO org.springframework.boot.test.context.SpringBootTestContextBootstrapper -- Found @SpringBootConfiguration com.livrariasrs.livrosrs.LivrosrsApplication for test class com.livrariasrs.livrosrs.LivrosrsApplicationTests
22:12:24.174 [main] INFO org.springframework.boot.devtools.restart.RestartApplicationListener -- Restart disabled due to context in which it is running

  .   ____          _            __ _ _
 /\\ / ___'_ __ _ _(_)_ __  __ _ \ \ \ \
( ( )\___ | '_ | '_| | '_ \/ _` | \ \ \ \
 \\/  ___)| |_)| | | | | || (_| |  ) ) ) )
  '  |____| .__|_| |_|_| |_\__, | / / / /
 =========|_|==============|___/=/_/_/_/

 :: Spring Boot ::                (v3.3.4)

2024-10-01T22:12:25.610-03:00  INFO 11596 --- [livrosrs] [           main] c.l.livrosrs.LivrosrsApplicationTests    : Starting LivrosrsApplicationTests using Java 17.0.12 with PID 11596 (started by USER PC in C:\Users\USER PC\OneDrive\Área de Trabalho\workspace\Teste\Testelivraria)
2024-10-01T22:12:25.615-03:00  INFO 11596 --- [livrosrs] [           main] c.l.livrosrs.LivrosrsApplicationTests    : No active profile set, falling back to 1 default profile: "default"
2024-10-01T22:12:30.353-03:00  INFO 11596 --- [livrosrs] [           main] .s.d.r.c.RepositoryConfigurationDelegate : Bootstrapping Spring Data JPA repositories in DEFAULT mode.
2024-10-01T22:12:30.436-03:00  INFO 11596 --- [livrosrs] [           main] .s.d.r.c.RepositoryConfigurationDelegate : Finished Spring Data repository scanning in 56 ms. Found 0 JPA repository interfaces.
2024-10-01T22:12:34.878-03:00  INFO 11596 --- [livrosrs] [           main] o.hibernate.jpa.internal.util.LogHelper  : HHH000204: Processing PersistenceUnitInfo [name: default]
2024-10-01T22:12:35.612-03:00  INFO 11596 --- [livrosrs] [           main] org.hibernate.Version                    : HHH000412: Hibernate ORM core version 6.5.3.Final
2024-10-01T22:12:35.835-03:00  INFO 11596 --- [livrosrs] [           main] o.h.c.internal.RegionFactoryInitiator    : HHH000026: Second-level cache disabled
2024-10-01T22:12:38.005-03:00  INFO 11596 --- [livrosrs] [           main] o.s.o.j.p.SpringPersistenceUnitInfo      : No LoadTimeWeaver setup: ignoring JPA class transformer
2024-10-01T22:12:38.301-03:00  INFO 11596 --- [livrosrs] [           main] com.zaxxer.hikari.HikariDataSource       : HikariPool-1 - Starting...
2024-10-01T22:12:39.047-03:00  INFO 11596 --- [livrosrs] [           main] com.zaxxer.hikari.pool.HikariPool        : HikariPool-1 - Added connection conn0: url=jdbc:h2:mem:editora_db user=SA
2024-10-01T22:12:39.052-03:00  INFO 11596 --- [livrosrs] [           main] com.zaxxer.hikari.HikariDataSource       : HikariPool-1 - Start completed.
2024-10-01T22:12:39.151-03:00  WARN 11596 --- [livrosrs] [           main] org.hibernate.orm.deprecation            : HHH90000025: H2Dialect does not need to be specified explicitly using 'hibernate.dialect' (remove the property setting and it will be selected by default)
2024-10-01T22:12:42.338-03:00  INFO 11596 --- [livrosrs] [           main] o.h.e.t.j.p.i.JtaPlatformInitiator       : HHH000489: No JTA platform available (set 'hibernate.transaction.jta.platform' to enable JTA platform integration)
2024-10-01T22:12:42.700-03:00  INFO 11596 --- [livrosrs] [           main] j.LocalContainerEntityManagerFactoryBean : Initialized JPA EntityManagerFactory for persistence unit 'default'
2024-10-01T22:12:44.530-03:00  WARN 11596 --- [livrosrs] [           main] JpaBaseConfiguration$JpaWebConfiguration : spring.jpa.open-in-view is enabled by default. Therefore, database queries may be performed during view rendering. Explicitly configure spring.jpa.open-in-view to disable this warning
2024-10-01T22:12:48.623-03:00  WARN 11596 --- [livrosrs] [           main] .s.s.UserDetailsServiceAutoConfiguration : 

Using generated security password: 5fdc0637-5c28-468c-83c7-2e7eea62541e

This generated password is for development use only. Your security configuration must be updated before running your application in production.

2024-10-01T22:12:48.718-03:00  INFO 11596 --- [livrosrs] [           main] r$InitializeUserDetailsManagerConfigurer : Global AuthenticationManager configured with UserDetailsService bean with name inMemoryUserDetailsManager
2024-10-01T22:12:49.429-03:00  INFO 11596 --- [livrosrs] [           main] o.s.b.a.e.web.EndpointLinksResolver      : Exposing 1 endpoint beneath base path '/actuator'
2024-10-01T22:12:49.868-03:00  INFO 11596 --- [livrosrs] [           main] o.s.b.a.h2.H2ConsoleAutoConfiguration    : H2 console available at '/h2-console'. Database available at 'jdbc:h2:mem:editora_db'
2024-10-01T22:12:50.504-03:00  INFO 11596 --- [livrosrs] [           main] c.l.livrosrs.LivrosrsApplicationTests    : Started LivrosrsApplicationTests in 26.36 seconds (process running for 30.681)
]]></system-out>
  </testcase>
</testsuite>